<?xml version="1.0" encoding="UTF-8"?>
<testng-results ignored="0" total="0" passed="0" failed="0" skipped="0">
  <reporter-output>
  </reporter-output>
  <suite started-at="2023-08-12T23:31:15 EDT" name="coen6761.group.assign2.QuickTest" finished-at="2023-08-12T23:31:15 EDT" duration-ms="12">
    <groups>
    </groups>
    <test started-at="2023-08-12T23:31:15 EDT" name="Command line test" finished-at="2023-08-12T23:31:15 EDT" duration-ms="12">
    </test> <!-- Command line test -->
  </suite> <!-- coen6761.group.assign2.QuickTest -->
</testng-results>
