<?xml version="1.0" encoding="UTF-8"?>
<testng-results ignored="0" total="0" passed="0" failed="0" skipped="0">
  <reporter-output>
  </reporter-output>
  <suite started-at="2023-08-03T22:18:54 EDT" name="coen6761.group.assign2.IntArrayBasedListTest" finished-at="2023-08-03T22:18:54 EDT" duration-ms="13">
    <groups>
    </groups>
    <test started-at="2023-08-03T22:18:54 EDT" name="Command line test" finished-at="2023-08-03T22:18:54 EDT" duration-ms="13">
    </test> <!-- Command line test -->
  </suite> <!-- coen6761.group.assign2.IntArrayBasedListTest -->
</testng-results>
