<?xml version="1.0" encoding="UTF-8"?>
<testsuite xmlns:xsi="http://www.w3.org/2001/XMLSchema-instance" xsi:noNamespaceSchemaLocation="https://maven.apache.org/surefire/maven-surefire-plugin/xsd/surefire-test-report.xsd" name="coen6761.group.assign2.QuickTest" time="0.068" tests="3" errors="0" skipped="0" failures="0">
  <properties>
[...]
</properties>
  <testcase name="test_i_dcu" classname="coen6761.group.assign2.QuickTest" time="0.041"/>
  <testcase name="test_i_dpu" classname="coen6761.group.assign2.QuickTest" time="0.001"/>
  <testcase name="test_j_dcu" classname="coen6761.group.assign2.QuickTest" time="0.001"/>
</testsuite>