<?xml version="1.0" encoding="UTF-8"?>
<coverage generated="1691115538301" clover="4.4.0">
   <project name="assign2 0.0.1-SNAPSHOT" timestamp="0">
      <metrics coveredelements="0" complexity="9" loc="61" methods="4" classes="2" statements="13" packages="1" coveredconditionals="0" coveredmethods="0" elements="25" ncloc="35" files="2" conditionals="8" coveredstatements="0"/>
      <package name="coen6761.group.assign2">
         <metrics coveredelements="0" complexity="9" loc="61" methods="4" classes="2" statements="13" coveredconditionals="0" coveredmethods="0" elements="25" ncloc="35" files="2" conditionals="8" coveredstatements="0"/>
         <file path="C:\Code\coen6761\assign2\assign2\src\main\java\coen6761\group\assign2\IntArrayBasedList.java" name="IntArrayBasedList.java">
            <metrics coveredelements="0" coveredconditionals="0" complexity="9" loc="46" coveredmethods="0" methods="4" elements="25" classes="1" ncloc="29" statements="13" conditionals="8" coveredstatements="0"/>
            <class name="IntArrayBasedList">
               <metrics coveredelements="0" coveredconditionals="0" complexity="9" coveredmethods="0" methods="4" elements="25" statements="13" conditionals="8" coveredstatements="0"/>
            </class>
            <line complexity="2" visibility="public" signature="IntArrayBasedList()" num="11" count="0" type="method"/>
            <line num="12" count="0" type="stmt"/>
            <line num="14" count="0" type="stmt"/>
            <line falsecount="0" truecount="0" num="14" type="cond"/>
            <line num="15" count="0" type="stmt"/>
            <line complexity="4" visibility="public" signature="insert(int,int) : boolean" num="21" count="0" type="method"/>
            <line num="25" count="0" type="stmt"/>
            <line falsecount="0" truecount="0" num="25" type="cond"/>
            <line num="26" count="0" type="stmt"/>
            <line falsecount="0" truecount="0" num="26" type="cond"/>
            <line num="27" count="0" type="stmt"/>
            <line num="28" count="0" type="stmt"/>
            <line num="29" count="0" type="stmt"/>
            <line num="33" count="0" type="stmt"/>
            <line complexity="2" visibility="public" signature="find(int) : boolean" num="36" count="0" type="method"/>
            <line num="37" count="0" type="stmt"/>
            <line falsecount="0" truecount="0" num="37" type="cond"/>
            <line num="38" count="0" type="stmt"/>
            <line num="39" count="0" type="stmt"/>
            <line complexity="1" visibility="public" signature="remove(int) : boolean" num="42" count="0" type="method"/>
            <line num="43" count="0" type="stmt"/>
         </file>
         <file path="C:\Code\coen6761\assign2\assign2\src\main\java\coen6761\group\assign2\IntList.java" name="IntList.java">
            <metrics coveredelements="0" coveredconditionals="0" complexity="0" loc="15" coveredmethods="0" methods="0" elements="0" classes="1" ncloc="6" statements="0" conditionals="0" coveredstatements="0"/>
            <class name="IntList">
               <metrics coveredelements="0" coveredconditionals="0" complexity="0" coveredmethods="0" methods="0" elements="0" statements="0" conditionals="0" coveredstatements="0"/>
            </class>
         </file>
      </package>
   </project>
   <testproject name="assign2 0.0.1-SNAPSHOT" timestamp="0">
      <metrics coveredelements="0" complexity="4" loc="45" methods="4" classes="1" statements="10" packages="1" coveredconditionals="0" coveredmethods="0" elements="14" ncloc="30" files="1" conditionals="0" coveredstatements="0"/>
      <package name="coen6761.group.assign2">
         <metrics coveredelements="0" complexity="4" loc="45" methods="4" classes="1" statements="10" coveredconditionals="0" coveredmethods="0" elements="14" ncloc="30" files="1" conditionals="0" coveredstatements="0"/>
         <file path="C:\Code\coen6761\assign2\assign2\src\test\java\coen6761\group\assign2\IntArrayBasedListTest.java" name="IntArrayBasedListTest.java">
            <metrics coveredelements="0" coveredconditionals="0" complexity="4" loc="45" coveredmethods="0" methods="4" elements="14" classes="1" ncloc="30" statements="10" conditionals="0" coveredstatements="0"/>
            <class name="IntArrayBasedListTest">
               <metrics coveredelements="0" coveredconditionals="0" complexity="4" coveredmethods="0" methods="4" elements="14" statements="10" conditionals="0" coveredstatements="0"/>
            </class>
            <line complexity="1" visibility="public" signature="setUp() : void" num="15" count="0" type="method"/>
            <line num="17" count="0" type="stmt"/>
            <line complexity="1" visibility="package" signature="testInsert() : void" num="20" count="0" type="method"/>
            <line num="22" count="0" type="stmt"/>
            <line num="23" count="0" type="stmt"/>
            <line num="24" count="0" type="stmt"/>
            <line num="25" count="0" type="stmt"/>
            <line complexity="1" visibility="package" signature="testFind() : void" num="30" count="0" type="method"/>
            <line num="32" count="0" type="stmt"/>
            <line num="33" count="0" type="stmt"/>
            <line num="34" count="0" type="stmt"/>
            <line complexity="1" visibility="package" signature="testRemove() : void" num="39" count="0" type="method"/>
            <line num="41" count="0" type="stmt"/>
            <line num="42" count="0" type="stmt"/>
         </file>
      </package>
   </testproject>
</coverage>